JvmtiExport can_access_local_variables 0
JvmtiExport can_hotswap_or_post_breakpoint 0
JvmtiExport can_post_on_exceptions 0
# 259 ciObject found
ciMethod java/lang/String <init> ([CII)V 4097 1 5673 0 -1
ciMethod java/lang/String length ()I 4097 1 230667 0 -1
ciMethod java/lang/String charAt (I)C 4097 1 956065 0 -1
ciMethod java/lang/String substring (II)Ljava/lang/String; 4097 1 5663 0 -1
ciMethod java/lang/String format (Ljava/lang/String;[Ljava/lang/Object;)Ljava/lang/String; 25 1 295 0 -1
ciMethod java/io/InputStream read ([BII)I 0 0 1 0 -1
ciMethod java/lang/Character valueOf (C)Ljava/lang/Character; 33 1 6000 0 -1
ciMethod java/lang/Character isJavaIdentifierStart (I)Z 449 1 580 0 -1
ciMethod java/lang/Math max (II)I 4097 1 81927 0 -1
ciMethod java/lang/Math min (II)I 4097 1 108437 0 -1
ciMethod com/fasterxml/jackson/core/base/ParserMinimalBase reportUnexpectedNumberChar (ILjava/lang/String;)V 0 0 1 0 -1
ciMethod com/fasterxml/jackson/core/base/ParserMinimalBase reportInvalidNumber (Ljava/lang/String;)V 0 0 1 0 0
ciMethod com/fasterxml/jackson/core/base/ParserMinimalBase _reportUnexpectedChar (ILjava/lang/String;)V 0 0 1 0 -1
ciMethod com/fasterxml/jackson/core/base/ParserMinimalBase _reportInvalidEOFInValue (Lcom/fasterxml/jackson/core/JsonToken;)V 0 0 1 0 -1
ciMethod com/fasterxml/jackson/core/base/ParserMinimalBase _reportInvalidEOF (Ljava/lang/String;Lcom/fasterxml/jackson/core/JsonToken;)V 0 0 1 0 -1
ciMethod com/fasterxml/jackson/core/base/ParserMinimalBase _throwInvalidSpace (I)V 0 0 1 0 -1
ciMethod com/fasterxml/jackson/core/base/ParserMinimalBase _reportError (Ljava/lang/String;)V 0 0 1 0 -1
ciMethod com/fasterxml/jackson/core/base/ParserBase close ()V 169 1 196 0 -1
ciMethod com/fasterxml/jackson/core/base/ParserBase getParsingContext ()Lcom/fasterxml/jackson/core/json/JsonReadContext; 0 0 1 0 -1
ciMethod com/fasterxml/jackson/core/base/ParserBase _eofAsNextChar ()I 0 0 1 0 -1
ciMethod com/fasterxml/jackson/core/base/ParserBase resetInt (ZI)Lcom/fasterxml/jackson/core/JsonToken; 4081 1 983 0 0
ciMethod com/fasterxml/jackson/core/base/ParserBase resetFloat (ZIII)Lcom/fasterxml/jackson/core/JsonToken; 4097 1 940 0 -1
ciMethod com/fasterxml/jackson/core/base/ParserBase resetAsNaN (Ljava/lang/String;D)Lcom/fasterxml/jackson/core/JsonToken; 0 0 1 0 -1
ciMethod com/fasterxml/jackson/core/base/ParserBase _reportMismatchedEndMarker (IC)V 0 0 1 0 0
ciMethod com/fasterxml/jackson/core/base/ParserBase _getSourceReference ()Ljava/lang/Object; 0 0 1 0 -1
ciMethod com/fasterxml/jackson/core/base/ParserBase growArrayBy ([II)[I 0 0 1 0 -1
ciMethod com/fasterxml/jackson/core/sym/ByteQuadsCanonicalizer findName (I)Ljava/lang/String; 4097 1 1213 0 0
ciMethod com/fasterxml/jackson/core/sym/ByteQuadsCanonicalizer findName (II)Ljava/lang/String; 2489 1 1574 0 0
ciMethod com/fasterxml/jackson/core/sym/ByteQuadsCanonicalizer findName (III)Ljava/lang/String; 4097 1 1721 0 0
ciMethod com/fasterxml/jackson/core/sym/ByteQuadsCanonicalizer _calcOffset (I)I 4097 1 3976 0 0
ciMethod com/fasterxml/jackson/core/sym/ByteQuadsCanonicalizer _findSecondary (II)Ljava/lang/String; 0 0 1 0 0
ciMethod com/fasterxml/jackson/core/sym/ByteQuadsCanonicalizer _findSecondary (III)Ljava/lang/String; 0 0 1 0 0
ciMethod com/fasterxml/jackson/core/sym/ByteQuadsCanonicalizer _findSecondary (IIII)Ljava/lang/String; 0 0 1 0 -1
ciMethod com/fasterxml/jackson/core/sym/ByteQuadsCanonicalizer addName (Ljava/lang/String;[II)Ljava/lang/String; 233 1 29 0 -1
ciMethod com/fasterxml/jackson/core/sym/ByteQuadsCanonicalizer calcHash (I)I 2233 1 1218 0 0
ciMethod com/fasterxml/jackson/core/sym/ByteQuadsCanonicalizer calcHash (II)I 4097 1 1582 0 0
ciMethod com/fasterxml/jackson/core/sym/ByteQuadsCanonicalizer calcHash (III)I 4097 1 1536 0 128
ciMethod com/fasterxml/jackson/core/sym/ByteQuadsCanonicalizer _spilloverStart ()I 0 0 1 0 -1
ciMethod com/fasterxml/jackson/core/util/BufferRecycler allocCharBuffer (II)[C 945 1 222 0 -1
ciMethod com/fasterxml/jackson/core/util/TextBuffer buf (I)[C 481 1 203 0 0
ciMethod com/fasterxml/jackson/core/util/TextBuffer clearSegments ()V 0 0 1 0 -1
ciMethod com/fasterxml/jackson/core/util/TextBuffer emptyAndGetCurrentSegment ()[C 4097 1 4615 0 0
ciMethod com/fasterxml/jackson/core/util/TextBuffer setCurrentLength (I)V 4097 1 4129 0 0
ciMethod com/fasterxml/jackson/core/util/TextBuffer finishCurrentSegment ()[C 0 0 1 0 -1
ciMethod com/fasterxml/jackson/core/util/TextBuffer expandCurrentSegment ()[C 0 0 1 0 -1
ciMethod com/fasterxml/jackson/core/JsonStreamContext inArray ()Z 17 1 143 0 -1
ciMethod com/fasterxml/jackson/core/JsonStreamContext inRoot ()Z 4097 1 1770 0 0
ciMethod com/fasterxml/jackson/core/JsonStreamContext inObject ()Z 2705 1 6097 0 0
ciMethod com/fasterxml/jackson/core/JsonStreamContext typeDesc ()Ljava/lang/String; 0 0 1 0 -1
ciMethod com/fasterxml/jackson/core/json/JsonReadContext <init> (Lcom/fasterxml/jackson/core/json/JsonReadContext;Lcom/fasterxml/jackson/core/json/DupDetector;III)V 3201 1 445 0 -1
ciMethod com/fasterxml/jackson/core/json/JsonReadContext reset (III)V 2049 1 472 0 -1
ciMethod com/fasterxml/jackson/core/json/JsonReadContext createChildArrayContext (II)Lcom/fasterxml/jackson/core/json/JsonReadContext; 1 1 136 0 0
ciMethod com/fasterxml/jackson/core/json/JsonReadContext createChildObjectContext (II)Lcom/fasterxml/jackson/core/json/JsonReadContext; 489 1 584 0 0
ciMethod com/fasterxml/jackson/core/json/JsonReadContext getStartLocation (Ljava/lang/Object;)Lcom/fasterxml/jackson/core/JsonLocation; 0 0 1 0 -1
ciMethod com/fasterxml/jackson/core/json/JsonReadContext clearAndGetParent ()Lcom/fasterxml/jackson/core/json/JsonReadContext; 169 1 720 0 0
ciMethod com/fasterxml/jackson/core/json/JsonReadContext expectComma ()Z 2529 1 5500 0 0
ciMethod com/fasterxml/jackson/core/json/JsonReadContext setCurrentName (Ljava/lang/String;)V 2417 1 4732 0 0
ciMethod com/fasterxml/jackson/core/json/JsonReadContext _checkDup (Lcom/fasterxml/jackson/core/json/DupDetector;Ljava/lang/String;)V 0 0 1 0 -1
ciMethod com/fasterxml/jackson/core/json/UTF8StreamJsonParser _loadMore ()Z 0 0 1 0 0
ciMethod com/fasterxml/jackson/core/json/UTF8StreamJsonParser _closeInput ()V 2705 1 194 0 -1
ciMethod com/fasterxml/jackson/core/json/UTF8StreamJsonParser nextToken ()Lcom/fasterxml/jackson/core/JsonToken; 4097 1 10776 0 -1
ciMethod com/fasterxml/jackson/core/json/UTF8StreamJsonParser _nextTokenNotInObject (I)Lcom/fasterxml/jackson/core/JsonToken; 153 1 758 0 0
ciMethod com/fasterxml/jackson/core/json/UTF8StreamJsonParser _nextAfterName ()Lcom/fasterxml/jackson/core/JsonToken; 2241 1 4716 0 0
ciMethod com/fasterxml/jackson/core/json/UTF8StreamJsonParser _parsePosNumber (I)Lcom/fasterxml/jackson/core/JsonToken; 1057 609 1653 0 0
ciMethod com/fasterxml/jackson/core/json/UTF8StreamJsonParser _parseNegNumber ()Lcom/fasterxml/jackson/core/JsonToken; 9 1 71 0 0
ciMethod com/fasterxml/jackson/core/json/UTF8StreamJsonParser _parseNumber2 ([CIZI)Lcom/fasterxml/jackson/core/JsonToken; 0 0 1 0 -1
ciMethod com/fasterxml/jackson/core/json/UTF8StreamJsonParser _verifyNoLeadingZeroes ()I 1833 1 597 0 0
ciMethod com/fasterxml/jackson/core/json/UTF8StreamJsonParser _parseFloat ([CIIZI)Lcom/fasterxml/jackson/core/JsonToken; 1497 2905 787 0 -1
ciMethod com/fasterxml/jackson/core/json/UTF8StreamJsonParser _verifyRootSpace (I)V 0 0 1 0 -1
ciMethod com/fasterxml/jackson/core/json/UTF8StreamJsonParser _parseName (I)Ljava/lang/String; 2345 1 4710 0 0
ciMethod com/fasterxml/jackson/core/json/UTF8StreamJsonParser parseMediumName (I)Ljava/lang/String; 4097 1 3879 0 0
ciMethod com/fasterxml/jackson/core/json/UTF8StreamJsonParser parseMediumName2 (II)Ljava/lang/String; 4097 1 2341 0 0
ciMethod com/fasterxml/jackson/core/json/UTF8StreamJsonParser parseLongName (III)Ljava/lang/String; 1145 1 727 0 -1
ciMethod com/fasterxml/jackson/core/json/UTF8StreamJsonParser slowParseName ()Ljava/lang/String; 0 0 1 0 -1
ciMethod com/fasterxml/jackson/core/json/UTF8StreamJsonParser parseName (III)Ljava/lang/String; 0 0 1 0 -1
ciMethod com/fasterxml/jackson/core/json/UTF8StreamJsonParser parseName (IIII)Ljava/lang/String; 0 0 1 0 -1
ciMethod com/fasterxml/jackson/core/json/UTF8StreamJsonParser parseName (IIIII)Ljava/lang/String; 0 0 1 0 -1
ciMethod com/fasterxml/jackson/core/json/UTF8StreamJsonParser parseEscapedName ([IIIII)Ljava/lang/String; 0 0 1 0 -1
ciMethod com/fasterxml/jackson/core/json/UTF8StreamJsonParser _handleOddName (I)Ljava/lang/String; 0 0 1 0 -1
ciMethod com/fasterxml/jackson/core/json/UTF8StreamJsonParser findName (II)Ljava/lang/String; 1281 1 1046 0 0
ciMethod com/fasterxml/jackson/core/json/UTF8StreamJsonParser findName (III)Ljava/lang/String; 1465 1 1568 0 0
ciMethod com/fasterxml/jackson/core/json/UTF8StreamJsonParser findName (IIII)Ljava/lang/String; 4097 1 1721 0 0
ciMethod com/fasterxml/jackson/core/json/UTF8StreamJsonParser findName ([IIII)Ljava/lang/String; 4097 1 755 0 -1
ciMethod com/fasterxml/jackson/core/json/UTF8StreamJsonParser addName ([III)Ljava/lang/String; 145 1337 29 0 0
ciMethod com/fasterxml/jackson/core/json/UTF8StreamJsonParser _padLastQuad (II)I 4097 1 4986 0 0
ciMethod com/fasterxml/jackson/core/json/UTF8StreamJsonParser _loadMoreGuaranteed ()V 0 0 1 0 -1
ciMethod com/fasterxml/jackson/core/json/UTF8StreamJsonParser _skipString ()V 0 0 1 0 -1
ciMethod com/fasterxml/jackson/core/json/UTF8StreamJsonParser _handleUnexpectedValue (I)Lcom/fasterxml/jackson/core/JsonToken; 0 0 1 0 0
ciMethod com/fasterxml/jackson/core/json/UTF8StreamJsonParser _handleApos ()Lcom/fasterxml/jackson/core/JsonToken; 0 0 1 0 -1
ciMethod com/fasterxml/jackson/core/json/UTF8StreamJsonParser _handleInvalidNumberStart (IZ)Lcom/fasterxml/jackson/core/JsonToken; 0 0 1 0 -1
ciMethod com/fasterxml/jackson/core/json/UTF8StreamJsonParser _matchTrue ()V 17 1 2 0 0
ciMethod com/fasterxml/jackson/core/json/UTF8StreamJsonParser _matchFalse ()V 289 1 336 0 0
ciMethod com/fasterxml/jackson/core/json/UTF8StreamJsonParser _matchNull ()V 0 0 1 0 0
ciMethod com/fasterxml/jackson/core/json/UTF8StreamJsonParser _matchToken (Ljava/lang/String;I)V 0 0 1 0 -1
ciMethod com/fasterxml/jackson/core/json/UTF8StreamJsonParser _matchToken2 (Ljava/lang/String;I)V 0 0 1 0 0
ciMethod com/fasterxml/jackson/core/json/UTF8StreamJsonParser _checkMatchEnd (Ljava/lang/String;II)V 0 0 1 0 -1
ciMethod com/fasterxml/jackson/core/json/UTF8StreamJsonParser _skipWS ()I 2145 1 4576 0 0
ciMethod com/fasterxml/jackson/core/json/UTF8StreamJsonParser _skipWS2 ()I 0 0 1 0 -1
ciMethod com/fasterxml/jackson/core/json/UTF8StreamJsonParser _skipWSOrEnd ()I 2521 1 5558 0 224
ciMethod com/fasterxml/jackson/core/json/UTF8StreamJsonParser _skipWSOrEnd2 ()I 0 0 1 0 -1
ciMethod com/fasterxml/jackson/core/json/UTF8StreamJsonParser _skipColon ()I 2385 1 4710 0 0
ciMethod com/fasterxml/jackson/core/json/UTF8StreamJsonParser _skipColon2 (Z)I 0 0 1 0 -1
ciMethod com/fasterxml/jackson/core/json/UTF8StreamJsonParser _skipCR ()V 0 0 1 0 -1
ciMethod com/fasterxml/jackson/core/json/UTF8StreamJsonParser _reportInvalidToken (Ljava/lang/String;)V 0 0 1 0 -1
ciMethod com/fasterxml/jackson/core/json/UTF8StreamJsonParser _reportInvalidInitial (I)V 0 0 1 0 -1
ciMethod com/fasterxml/jackson/core/json/UTF8StreamJsonParser _reportInvalidOther (I)V 0 0 1 0 -1
ciMethod com/fasterxml/jackson/core/json/UTF8StreamJsonParser _updateLocation ()V 2521 1 5228 0 64
ciMethod com/fasterxml/jackson/core/json/UTF8StreamJsonParser _updateNameLocation ()V 2305 1 4710 0 0
ciMethod com/fasterxml/jackson/core/json/UTF8StreamJsonParser _closeScope (I)Lcom/fasterxml/jackson/core/JsonToken; 0 0 1 0 -1
ciMethod com/fasterxml/jackson/core/json/UTF8StreamJsonParser _closeArrayScope ()V 0 0 135 0 0
ciMethod com/fasterxml/jackson/core/json/UTF8StreamJsonParser _closeObjectScope ()V 137 1 570 0 0
ciMethodData com/fasterxml/jackson/core/json/UTF8StreamJsonParser nextToken ()Lcom/fasterxml/jackson/core/JsonToken; 2 10812 orig 264 216 160 93 110 0 0 0 0 176 205 140 42 0 0 0 0 176 8 0 0 32 0 0 0 0 0 0 0 0 0 0 0 0 0 0 0 0 0 0 0 0 0 0 0 0 0 0 0 0 0 0 0 0 0 0 0 0 0 0 0 0 0 0 0 0 0 0 0 0 0 0 0 0 0 0 0 0 0 0 0 77 68 79 32 101 120 116 114 97 32 100 97 116 97 32 108 111 99 107 0 0 0 0 0 0 0 0 0 0 0 0 0 0 0 0 0 0 0 0 0 0 0 0 0 0 0 0 0 0 0 0 0 0 0 0 0 0 0 0 0 0 0 0 0 1 0 0 0 0 0 0 0 0 0 0 0 0 0 0 0 0 0 0 0 0 0 0 0 0 0 0 0 0 0 0 0